<?xml version="1.0" encoding="UTF-8"?>
<testsuite xmlns:xsi="http://www.w3.org/2001/XMLSchema-instance" xsi:noNamespaceSchemaLocation="https://maven.apache.org/surefire/maven-surefire-plugin/xsd/surefire-test-report.xsd" name="com.lqd.demo.AppTest" time="0.033" tests="1" errors="0" skipped="0" failures="0">
  <properties>
    <property name="sun.desktop" value="windows"/>
    <property name="awt.toolkit" value="sun.awt.windows.WToolkit"/>
    <property name="file.encoding.pkg" value="sun.io"/>
    <property name="java.specification.version" value="1.8"/>
    <property name="sun.cpu.isalist" value="amd64"/>
    <property name="sun.jnu.encoding" value="GBK"/>
    <property name="java.class.path" value="E:\workspace_train\dubbo\server\target\test-classes;E:\workspace_train\dubbo\server\target\classes;D:\maven\repo\junit\junit\4.11\junit-4.11.jar;D:\maven\repo\org\hamcrest\hamcrest-core\1.3\hamcrest-core-1.3.jar;E:\workspace_train\dubbo\api\target\api-1.0-SNAPSHOT.jar;D:\maven\repo\org\apache\zookeeper\zookeeper\3.4.10\zookeeper-3.4.10.jar;D:\maven\repo\org\slf4j\slf4j-api\1.6.1\slf4j-api-1.6.1.jar;D:\maven\repo\org\slf4j\slf4j-log4j12\1.6.1\slf4j-log4j12-1.6.1.jar;D:\maven\repo\log4j\log4j\1.2.16\log4j-1.2.16.jar;D:\maven\repo\jline\jline\0.9.94\jline-0.9.94.jar;D:\maven\repo\io\netty\netty\3.10.5.Final\netty-3.10.5.Final.jar;D:\maven\repo\com\101tec\zkclient\0.10\zkclient-0.10.jar;D:\maven\repo\com\caucho\hessian\4.0.38\hessian-4.0.38.jar;D:\maven\repo\javax\servlet\servlet-api\2.5\servlet-api-2.5.jar;D:\maven\repo\org\mortbay\jetty\jetty\6.1.26\jetty-6.1.26.jar;D:\maven\repo\org\mortbay\jetty\jetty-util\6.1.26\jetty-util-6.1.26.jar;D:\maven\repo\org\mortbay\jetty\servlet-api\2.5-20081211\servlet-api-2.5-20081211.jar;D:\maven\repo\org\springframework\spring-core\4.3.10.RELEASE\spring-core-4.3.10.RELEASE.jar;D:\maven\repo\commons-logging\commons-logging\1.2\commons-logging-1.2.jar;D:\maven\repo\org\springframework\spring-beans\4.3.10.RELEASE\spring-beans-4.3.10.RELEASE.jar;D:\maven\repo\org\springframework\spring-context\4.3.10.RELEASE\spring-context-4.3.10.RELEASE.jar;D:\maven\repo\org\springframework\spring-aop\4.3.10.RELEASE\spring-aop-4.3.10.RELEASE.jar;D:\maven\repo\org\springframework\spring-expression\4.3.10.RELEASE\spring-expression-4.3.10.RELEASE.jar;D:\maven\repo\org\springframework\spring-context-support\4.3.10.RELEASE\spring-context-support-4.3.10.RELEASE.jar;D:\maven\repo\org\springframework\spring-orm\4.3.10.RELEASE\spring-orm-4.3.10.RELEASE.jar;D:\maven\repo\org\springframework\spring-jdbc\4.3.10.RELEASE\spring-jdbc-4.3.10.RELEASE.jar;D:\maven\repo\org\springframework\spring-tx\4.3.10.RELEASE\spring-tx-4.3.10.RELEASE.jar;D:\maven\repo\com\alibaba\dubbo\2.5.3\dubbo-2.5.3.jar;D:\maven\repo\org\javassist\javassist\3.15.0-GA\javassist-3.15.0-GA.jar;D:\maven\repo\org\jboss\netty\netty\3.2.5.Final\netty-3.2.5.Final.jar;"/>
    <property name="java.vm.vendor" value="Oracle Corporation"/>
    <property name="sun.arch.data.model" value="64"/>
    <property name="user.variant" value=""/>
    <property name="java.vendor.url" value="http://java.oracle.com/"/>
    <property name="user.timezone" value=""/>
    <property name="java.vm.specification.version" value="1.8"/>
    <property name="os.name" value="Windows 10"/>
    <property name="user.country" value="CN"/>
    <property name="sun.java.launcher" value="SUN_STANDARD"/>
    <property name="sun.boot.library.path" value="C:\Program Files\Java\jdk1.8.0_92\jre\bin"/>
    <property name="sun.java.command" value="C:\Users\lqd\AppData\Local\Temp\surefire5539768129320073513\surefirebooter1037277201063468071.jar C:\Users\lqd\AppData\Local\Temp\surefire5539768129320073513 2018-11-23T16-09-50_351-jvmRun1 surefire7340691909711843465tmp surefire_18256224168273885846tmp"/>
    <property name="surefire.test.class.path" value="E:\workspace_train\dubbo\server\target\test-classes;E:\workspace_train\dubbo\server\target\classes;D:\maven\repo\junit\junit\4.11\junit-4.11.jar;D:\maven\repo\org\hamcrest\hamcrest-core\1.3\hamcrest-core-1.3.jar;E:\workspace_train\dubbo\api\target\api-1.0-SNAPSHOT.jar;D:\maven\repo\org\apache\zookeeper\zookeeper\3.4.10\zookeeper-3.4.10.jar;D:\maven\repo\org\slf4j\slf4j-api\1.6.1\slf4j-api-1.6.1.jar;D:\maven\repo\org\slf4j\slf4j-log4j12\1.6.1\slf4j-log4j12-1.6.1.jar;D:\maven\repo\log4j\log4j\1.2.16\log4j-1.2.16.jar;D:\maven\repo\jline\jline\0.9.94\jline-0.9.94.jar;D:\maven\repo\io\netty\netty\3.10.5.Final\netty-3.10.5.Final.jar;D:\maven\repo\com\101tec\zkclient\0.10\zkclient-0.10.jar;D:\maven\repo\com\caucho\hessian\4.0.38\hessian-4.0.38.jar;D:\maven\repo\javax\servlet\servlet-api\2.5\servlet-api-2.5.jar;D:\maven\repo\org\mortbay\jetty\jetty\6.1.26\jetty-6.1.26.jar;D:\maven\repo\org\mortbay\jetty\jetty-util\6.1.26\jetty-util-6.1.26.jar;D:\maven\repo\org\mortbay\jetty\servlet-api\2.5-20081211\servlet-api-2.5-20081211.jar;D:\maven\repo\org\springframework\spring-core\4.3.10.RELEASE\spring-core-4.3.10.RELEASE.jar;D:\maven\repo\commons-logging\commons-logging\1.2\commons-logging-1.2.jar;D:\maven\repo\org\springframework\spring-beans\4.3.10.RELEASE\spring-beans-4.3.10.RELEASE.jar;D:\maven\repo\org\springframework\spring-context\4.3.10.RELEASE\spring-context-4.3.10.RELEASE.jar;D:\maven\repo\org\springframework\spring-aop\4.3.10.RELEASE\spring-aop-4.3.10.RELEASE.jar;D:\maven\repo\org\springframework\spring-expression\4.3.10.RELEASE\spring-expression-4.3.10.RELEASE.jar;D:\maven\repo\org\springframework\spring-context-support\4.3.10.RELEASE\spring-context-support-4.3.10.RELEASE.jar;D:\maven\repo\org\springframework\spring-orm\4.3.10.RELEASE\spring-orm-4.3.10.RELEASE.jar;D:\maven\repo\org\springframework\spring-jdbc\4.3.10.RELEASE\spring-jdbc-4.3.10.RELEASE.jar;D:\maven\repo\org\springframework\spring-tx\4.3.10.RELEASE\spring-tx-4.3.10.RELEASE.jar;D:\maven\repo\com\alibaba\dubbo\2.5.3\dubbo-2.5.3.jar;D:\maven\repo\org\javassist\javassist\3.15.0-GA\javassist-3.15.0-GA.jar;D:\maven\repo\org\jboss\netty\netty\3.2.5.Final\netty-3.2.5.Final.jar;"/>
    <property name="sun.cpu.endian" value="little"/>
    <property name="user.home" value="C:\Users\lqd"/>
    <property name="user.language" value="zh"/>
    <property name="java.specification.vendor" value="Oracle Corporation"/>
    <property name="java.home" value="C:\Program Files\Java\jdk1.8.0_92\jre"/>
    <property name="basedir" value="E:\workspace_train\dubbo\server"/>
    <property name="file.separator" value="\"/>
    <property name="line.separator" value="&#10;"/>
    <property name="java.vm.specification.vendor" value="Oracle Corporation"/>
    <property name="java.specification.name" value="Java Platform API Specification"/>
    <property name="java.awt.graphicsenv" value="sun.awt.Win32GraphicsEnvironment"/>
    <property name="surefire.real.class.path" value="C:\Users\lqd\AppData\Local\Temp\surefire5539768129320073513\surefirebooter1037277201063468071.jar"/>
    <property name="sun.boot.class.path" value="C:\Program Files\Java\jdk1.8.0_92\jre\lib\resources.jar;C:\Program Files\Java\jdk1.8.0_92\jre\lib\rt.jar;C:\Program Files\Java\jdk1.8.0_92\jre\lib\sunrsasign.jar;C:\Program Files\Java\jdk1.8.0_92\jre\lib\jsse.jar;C:\Program Files\Java\jdk1.8.0_92\jre\lib\jce.jar;C:\Program Files\Java\jdk1.8.0_92\jre\lib\charsets.jar;C:\Program Files\Java\jdk1.8.0_92\jre\lib\jfr.jar;C:\Program Files\Java\jdk1.8.0_92\jre\classes"/>
    <property name="user.script" value=""/>
    <property name="sun.management.compiler" value="HotSpot 64-Bit Tiered Compilers"/>
    <property name="java.runtime.version" value="1.8.0_92-b14"/>
    <property name="user.name" value="lqd"/>
    <property name="path.separator" value=";"/>
    <property name="os.version" value="10.0"/>
    <property name="java.endorsed.dirs" value="C:\Program Files\Java\jdk1.8.0_92\jre\lib\endorsed"/>
    <property name="java.runtime.name" value="Java(TM) SE Runtime Environment"/>
    <property name="file.encoding" value="GBK"/>
    <property name="java.vm.name" value="Java HotSpot(TM) 64-Bit Server VM"/>
    <property name="localRepository" value="D:\maven\repo"/>
    <property name="java.vendor.url.bug" value="http://bugreport.sun.com/bugreport/"/>
    <property name="java.io.tmpdir" value="C:\Users\lqd\AppData\Local\Temp\"/>
    <property name="java.version" value="1.8.0_92"/>
    <property name="user.dir" value="E:\workspace_train\dubbo\server"/>
    <property name="os.arch" value="amd64"/>
    <property name="java.vm.specification.name" value="Java Virtual Machine Specification"/>
    <property name="java.awt.printerjob" value="sun.awt.windows.WPrinterJob"/>
    <property name="sun.os.patch.level" value=""/>
    <property name="java.library.path" value="C:\Program Files\Java\jdk1.8.0_92\jre\bin;C:\WINDOWS\Sun\Java\bin;C:\WINDOWS\system32;C:\WINDOWS;C:\Program Files (x86)\Common Files\Oracle\Java\javapath;C:\ProgramData\Oracle\Java\javapath;C:\WINDOWS\system32;C:\WINDOWS;C:\WINDOWS\System32\Wbem;C:\WINDOWS\System32\WindowsPowerShell\v1.0\;C:\Program Files\TortoiseSVN\bin;D:\Eclipse\apache-maven-3.0.3\bin;C:\Program Files\Java\jdk1.8.0_92\bin;C:\Program Files\SourceGear\Common\DiffMerge\;C:\WINDOWS\System32\OpenSSH\;E:\Python27;C:\Program Files\EsafeNet\Cobra DocGuard Client;%USERPROFILE%\AppData\Local\Microsoft\WindowsApps;;."/>
    <property name="java.vm.info" value="mixed mode"/>
    <property name="java.vendor" value="Oracle Corporation"/>
    <property name="java.vm.version" value="25.92-b14"/>
    <property name="java.ext.dirs" value="C:\Program Files\Java\jdk1.8.0_92\jre\lib\ext;C:\WINDOWS\Sun\Java\lib\ext"/>
    <property name="sun.io.unicode.encoding" value="UnicodeLittle"/>
    <property name="java.class.version" value="52.0"/>
  </properties>
  <testcase name="shouldAnswerWithTrue" classname="com.lqd.demo.AppTest" time="0"/>
</testsuite>